<?xml version="1.0" encoding="UTF-8"?>
<!-- Generated by org.testng.reporters.JUnitReportReporter -->
<testsuite hostname="ANKIT-PC" failures="0" tests="3" name="com.inetbanking.testCases.TC_LoginDDT_002" time="34.419" errors="0" timestamp="2022-09-21T12:18:44 GMT-07:00" skipped="0">
  <testcase classname="com.inetbanking.testCases.TC_LoginDDT_002" name="loginDDT" time="11.135"/>
  <system-out/>
  <testcase classname="com.inetbanking.testCases.TC_LoginDDT_002" name="loginDDT" time="11.534"/>
  <system-out/>
  <testcase classname="com.inetbanking.testCases.TC_LoginDDT_002" name="loginDDT" time="11.750"/>
  <system-out/>
</testsuite> <!-- com.inetbanking.testCases.TC_LoginDDT_002 -->
