<?xml version="1.0" encoding="UTF-8"?>
<!-- Generated by org.testng.reporters.JUnitReportReporter -->
<testsuite hostname="ANKIT-PC" failures="0" tests="1" name="com.inetbanking.testCases.TC_LoginTest_001" time="6.571" errors="0" timestamp="2022-08-26T10:15:54 GMT-07:00" skipped="0">
  <testcase classname="com.inetbanking.testCases.TC_LoginTest_001" name="loginTest" time="6.571"/>
  <system-out/>
</testsuite> <!-- com.inetbanking.testCases.TC_LoginTest_001 -->
